<?xml version="1.0" encoding="UTF-8"?>
<testsuite xmlns:xsi="http://www.w3.org/2001/XMLSchema-instance" xsi:noNamespaceSchemaLocation="https://maven.apache.org/surefire/maven-surefire-plugin/xsd/surefire-test-report.xsd" name="id.ac.ukdw.fti.rpl.bermudaTriangle.AppTest" time="0.101" tests="1" errors="0" skipped="0" failures="0">
  <properties>
    <property name="sun.desktop" value="windows"/>
    <property name="awt.toolkit" value="sun.awt.windows.WToolkit"/>
    <property name="java.specification.version" value="11"/>
    <property name="sun.cpu.isalist" value="amd64"/>
    <property name="sun.jnu.encoding" value="Cp1252"/>
    <property name="java.class.path" value="D:\Kuliah_SMT_5\Tutorial Perangkat Lunak\Proyek\KodeProject\bermudaTriangle\target\test-classes;D:\Kuliah_SMT_5\Tutorial Perangkat Lunak\Proyek\KodeProject\bermudaTriangle\target\classes;C:\Users\W8\.m2\repository\junit\junit\4.11\junit-4.11.jar;C:\Users\W8\.m2\repository\org\hamcrest\hamcrest-core\1.3\hamcrest-core-1.3.jar;C:\Users\W8\.m2\repository\org\openjfx\javafx-controls\12.0.2\javafx-controls-12.0.2.jar;C:\Users\W8\.m2\repository\org\openjfx\javafx-controls\12.0.2\javafx-controls-12.0.2-win.jar;C:\Users\W8\.m2\repository\org\openjfx\javafx-graphics\12.0.2\javafx-graphics-12.0.2.jar;C:\Users\W8\.m2\repository\org\openjfx\javafx-graphics\12.0.2\javafx-graphics-12.0.2-win.jar;C:\Users\W8\.m2\repository\org\openjfx\javafx-base\12.0.2\javafx-base-12.0.2.jar;C:\Users\W8\.m2\repository\org\openjfx\javafx-base\12.0.2\javafx-base-12.0.2-win.jar;C:\Users\W8\.m2\repository\org\openjfx\javafx-fxml\12.0.2\javafx-fxml-12.0.2.jar;C:\Users\W8\.m2\repository\org\openjfx\javafx-fxml\12.0.2\javafx-fxml-12.0.2-win.jar;C:\Users\W8\.m2\repository\org\xerial\sqlite-jdbc\3.32.3.2\sqlite-jdbc-3.32.3.2.jar;"/>
    <property name="java.vm.vendor" value="Oracle Corporation"/>
    <property name="sun.arch.data.model" value="64"/>
    <property name="user.variant" value=""/>
    <property name="java.vendor.url" value="https://openjdk.java.net/"/>
    <property name="user.timezone" value="Asia/Bangkok"/>
    <property name="user.country.format" value="ID"/>
    <property name="java.vm.specification.version" value="11"/>
    <property name="os.name" value="Windows 8.1"/>
    <property name="sun.java.launcher" value="SUN_STANDARD"/>
    <property name="user.country" value="US"/>
    <property name="sun.boot.library.path" value="C:\Program Files (x86)\Java\jdk-11.0.12\bin"/>
    <property name="sun.java.command" value="C:\Users\W8\AppData\Local\Temp\surefire682790044718636914\surefirebooter5316287684665383472.jar C:\Users\W8\AppData\Local\Temp\surefire682790044718636914 2021-09-27T14-23-38_657-jvmRun1 surefire4158466998180973368tmp surefire_04315068961239789153tmp"/>
    <property name="jdk.debug" value="release"/>
    <property name="surefire.test.class.path" value="D:\Kuliah_SMT_5\Tutorial Perangkat Lunak\Proyek\KodeProject\bermudaTriangle\target\test-classes;D:\Kuliah_SMT_5\Tutorial Perangkat Lunak\Proyek\KodeProject\bermudaTriangle\target\classes;C:\Users\W8\.m2\repository\junit\junit\4.11\junit-4.11.jar;C:\Users\W8\.m2\repository\org\hamcrest\hamcrest-core\1.3\hamcrest-core-1.3.jar;C:\Users\W8\.m2\repository\org\openjfx\javafx-controls\12.0.2\javafx-controls-12.0.2.jar;C:\Users\W8\.m2\repository\org\openjfx\javafx-controls\12.0.2\javafx-controls-12.0.2-win.jar;C:\Users\W8\.m2\repository\org\openjfx\javafx-graphics\12.0.2\javafx-graphics-12.0.2.jar;C:\Users\W8\.m2\repository\org\openjfx\javafx-graphics\12.0.2\javafx-graphics-12.0.2-win.jar;C:\Users\W8\.m2\repository\org\openjfx\javafx-base\12.0.2\javafx-base-12.0.2.jar;C:\Users\W8\.m2\repository\org\openjfx\javafx-base\12.0.2\javafx-base-12.0.2-win.jar;C:\Users\W8\.m2\repository\org\openjfx\javafx-fxml\12.0.2\javafx-fxml-12.0.2.jar;C:\Users\W8\.m2\repository\org\openjfx\javafx-fxml\12.0.2\javafx-fxml-12.0.2-win.jar;C:\Users\W8\.m2\repository\org\xerial\sqlite-jdbc\3.32.3.2\sqlite-jdbc-3.32.3.2.jar;"/>
    <property name="sun.cpu.endian" value="little"/>
    <property name="user.home" value="C:\Users\W8"/>
    <property name="user.language" value="en"/>
    <property name="java.specification.vendor" value="Oracle Corporation"/>
    <property name="java.version.date" value="2021-07-20"/>
    <property name="java.home" value="C:\Program Files (x86)\Java\jdk-11.0.12"/>
    <property name="file.separator" value="\"/>
    <property name="basedir" value="D:\Kuliah_SMT_5\Tutorial Perangkat Lunak\Proyek\KodeProject\bermudaTriangle"/>
    <property name="java.vm.compressedOopsMode" value="32-bit"/>
    <property name="line.separator" value="&#10;"/>
    <property name="java.specification.name" value="Java Platform API Specification"/>
    <property name="java.vm.specification.vendor" value="Oracle Corporation"/>
    <property name="java.awt.graphicsenv" value="sun.awt.Win32GraphicsEnvironment"/>
    <property name="surefire.real.class.path" value="C:\Users\W8\AppData\Local\Temp\surefire682790044718636914\surefirebooter5316287684665383472.jar"/>
    <property name="user.script" value=""/>
    <property name="sun.management.compiler" value="HotSpot 64-Bit Tiered Compilers"/>
    <property name="java.runtime.version" value="11.0.12+8-LTS-237"/>
    <property name="user.name" value="W8"/>
    <property name="path.separator" value=";"/>
    <property name="os.version" value="6.3"/>
    <property name="java.runtime.name" value="Java(TM) SE Runtime Environment"/>
    <property name="file.encoding" value="Cp1252"/>
    <property name="java.vm.name" value="Java HotSpot(TM) 64-Bit Server VM"/>
    <property name="java.vendor.version" value="18.9"/>
    <property name="localRepository" value="C:\Users\W8\.m2\repository"/>
    <property name="java.vendor.url.bug" value="https://bugreport.java.com/bugreport/"/>
    <property name="java.io.tmpdir" value="C:\Users\W8\AppData\Local\Temp\"/>
    <property name="java.version" value="11.0.12"/>
    <property name="user.dir" value="D:\Kuliah_SMT_5\Tutorial Perangkat Lunak\Proyek\KodeProject\bermudaTriangle"/>
    <property name="os.arch" value="amd64"/>
    <property name="java.vm.specification.name" value="Java Virtual Machine Specification"/>
    <property name="java.awt.printerjob" value="sun.awt.windows.WPrinterJob"/>
    <property name="user.language.format" value="id"/>
    <property name="sun.os.patch.level" value=""/>
    <property name="java.library.path" value="C:\Program Files (x86)\Java\jdk-11.0.12\bin;C:\Windows\Sun\Java\bin;C:\Windows\system32;C:\Windows;C:\Program Files\Common Files\Oracle\Java\javapath;D:\Program Files\Python39\Scripts\;D:\Program Files\Python39\;C:\Program Files (x86)\Common Files\Oracle\Java\javapath;C:\Program Files (x86)\Common Files\Intel\Shared Files\cpp\bin\Intel64;C:\Program Files (x86)\Intel\iCLS Client\;C:\Program Files\Intel\iCLS Client\;C:\ProgramData\Oracle\Java\javapath;C:\Windows\system32;C:\Windows;C:\Windows\System32\Wbem;C:\Windows\System32\WindowsPowerShell\v1.0\;C:\Program Files\Intel\Intel(R) Management Engine Components\DAL;C:\Program Files (x86)\Intel\Intel(R) Management Engine Components\DAL;C:\Program Files\Intel\Intel(R) Management Engine Components\IPT;C:\Program Files (x86)\Intel\Intel(R) Management Engine Components\IPT;C:\Program Files (x86)\NVIDIA Corporation\PhysX\Common;C:\Program Files (x86)\Windows Live\Shared;C:\Program Files (x86)\Java\jdk-11.0.12\bin;d:\Program Files (x86)\Java\jdk1.8.0_281\bin;D:\XAMPP\php;C:\ProgramData\ComposerSetup\bin;D:\Program Files\Git\cmd;C:\Users\W8\AppData\Roaming\Microsoft\Windows\Start Menu\Programs\Python 3.8;C:\Users\W8\AppData\Roaming\Python\Python38\Scripts;D:\Kuliah_SMT_5\Tutorial Perangkat Lunak\Proyek\apache-maven-3.8.2\bin;D:\Program Files\Scripts\;D:\Program Files\;D:\Program Files\Python 3.7\Scripts\;D:\Program Files\Python 3.7\;D:\Python\Scripts\;D:\Python\;D:\Program Files\JetBrains\PyCharm Community Edition 2020.2.1\bin;;D:\Program Files\Microsoft VS Code\bin;C:\Users\W8\AppData\Roaming\Composer\vendor\bin;."/>
    <property name="java.vendor" value="Oracle Corporation"/>
    <property name="java.vm.info" value="mixed mode"/>
    <property name="java.vm.version" value="11.0.12+8-LTS-237"/>
    <property name="sun.io.unicode.encoding" value="UnicodeLittle"/>
    <property name="java.class.version" value="55.0"/>
  </properties>
  <testcase name="testApp" classname="id.ac.ukdw.fti.rpl.bermudaTriangle.AppTest" time="0.004"/>
</testsuite>